/usr/local/bin/ruby extconf.rb
cd src/ && /usr/lib/x86_64-linux-gnu/qt4/bin/qmake /usr/local/lib/ruby/gems/1.9.1/gems/capybara-webkit-0.12.1/src/webkit_server.pro -spec /usr/share/qt4/mkspecs/linux-g++ -o Makefile.webkit_server
cd src/ && make -f Makefile.webkit_server 
make[1]: Entering directory `/usr/local/lib/ruby/gems/1.9.1/gems/capybara-webkit-0.12.1/src'
g++ -c -pipe -O2 -Wall -W -D_REENTRANT -DQT_NO_DEBUG -DQT_WEBKIT_LIB -DQT_GUI_LIB -DQT_NETWORK_LIB -DQT_CORE_LIB -DQT_SHARED -I/usr/share/qt4/mkspecs/linux-g++ -I. -I/usr/include/qt4/QtCore -I/usr/include/qt4/QtNetwork -I/usr/include/qt4/QtGui -I/usr/include/qt4/QtWebKit -I/usr/include/qt4 -I. -o IgnoreSslErrors.o IgnoreSslErrors.cpp
g++ -c -pipe -O2 -Wall -W -D_REENTRANT -DQT_NO_DEBUG -DQT_WEBKIT_LIB -DQT_GUI_LIB -DQT_NETWORK_LIB -DQT_CORE_LIB -DQT_SHARED -I/usr/share/qt4/mkspecs/linux-g++ -I. -I/usr/include/qt4/QtCore -I/usr/include/qt4/QtNetwork -I/usr/include/qt4/QtGui -I/usr/include/qt4/QtWebKit -I/usr/include/qt4 -I. -o ResizeWindow.o ResizeWindow.cpp
g++ -c -pipe -O2 -Wall -W -D_REENTRANT -DQT_NO_DEBUG -DQT_WEBKIT_LIB -DQT_GUI_LIB -DQT_NETWORK_LIB -DQT_CORE_LIB -DQT_SHARED -I/usr/share/qt4/mkspecs/linux-g++ -I. -I/usr/include/qt4/QtCore -I/usr/include/qt4/QtNetwork -I/usr/include/qt4/QtGui -I/usr/include/qt4/QtWebKit -I/usr/include/qt4 -I. -o CurrentUrl.o CurrentUrl.cpp
g++ -c -pipe -O2 -Wall -W -D_REENTRANT -DQT_NO_DEBUG -DQT_WEBKIT_LIB -DQT_GUI_LIB -DQT_NETWORK_LIB -DQT_CORE_LIB -DQT_SHARED -I/usr/share/qt4/mkspecs/linux-g++ -I. -I/usr/include/qt4/QtCore -I/usr/include/qt4/QtNetwork -I/usr/include/qt4/QtGui -I/usr/include/qt4/QtWebKit -I/usr/include/qt4 -I. -o RequestedUrl.o RequestedUrl.cpp
g++ -c -pipe -O2 -Wall -W -D_REENTRANT -DQT_NO_DEBUG -DQT_WEBKIT_LIB -DQT_GUI_LIB -DQT_NETWORK_LIB -DQT_CORE_LIB -DQT_SHARED -I/usr/share/qt4/mkspecs/linux-g++ -I. -I/usr/include/qt4/QtCore -I/usr/include/qt4/QtNetwork -I/usr/include/qt4/QtGui -I/usr/include/qt4/QtWebKit -I/usr/include/qt4 -I. -o ConsoleMessages.o ConsoleMessages.cpp
g++ -c -pipe -O2 -Wall -W -D_REENTRANT -DQT_NO_DEBUG -DQT_WEBKIT_LIB -DQT_GUI_LIB -DQT_NETWORK_LIB -DQT_CORE_LIB -DQT_SHARED -I/usr/share/qt4/mkspecs/linux-g++ -I. -I/usr/include/qt4/QtCore -I/usr/include/qt4/QtNetwork -I/usr/include/qt4/QtGui -I/usr/include/qt4/QtWebKit -I/usr/include/qt4 -I. -o main.o main.cpp
g++ -c -pipe -O2 -Wall -W -D_REENTRANT -DQT_NO_DEBUG -DQT_WEBKIT_LIB -DQT_GUI_LIB -DQT_NETWORK_LIB -DQT_CORE_LIB -DQT_SHARED -I/usr/share/qt4/mkspecs/linux-g++ -I. -I/usr/include/qt4/QtCore -I/usr/include/qt4/QtNetwork -I/usr/include/qt4/QtGui -I/usr/include/qt4/QtWebKit -I/usr/include/qt4 -I. -o WebPage.o WebPage.cpp
WebPage.cpp: In member function ‘bool WebPage::render(const QString&)’:
WebPage.cpp:148:3: error: ‘QFileInfo’ was not declared in this scope
WebPage.cpp:148:13: error: expected ‘;’ before ‘fileInfo’
WebPage.cpp:149:3: error: ‘QDir’ was not declared in this scope
WebPage.cpp:149:8: error: expected ‘;’ before ‘dir’
WebPage.cpp:150:3: error: ‘dir’ was not declared in this scope
WebPage.cpp:150:14: error: ‘fileInfo’ was not declared in this scope
make[1]: *** [WebPage.o] Error 1
make[1]: Leaving directory `/usr/local/lib/ruby/gems/1.9.1/gems/capybara-webkit-0.12.1/src'
make: *** [sub-src-webkit_server-pro-make_default-ordered] Error 2

make
cd src/ && make -f Makefile.webkit_server 
make[1]: Entering directory `/usr/local/lib/ruby/gems/1.9.1/gems/capybara-webkit-0.12.1/src'
g++ -c -pipe -O2 -Wall -W -D_REENTRANT -DQT_NO_DEBUG -DQT_WEBKIT_LIB -DQT_GUI_LIB -DQT_NETWORK_LIB -DQT_CORE_LIB -DQT_SHARED -I/usr/share/qt4/mkspecs/linux-g++ -I. -I/usr/include/qt4/QtCore -I/usr/include/qt4/QtNetwork -I/usr/include/qt4/QtGui -I/usr/include/qt4/QtWebKit -I/usr/include/qt4 -I. -o WebPage.o WebPage.cpp
WebPage.cpp: In member function ‘bool WebPage::render(const QString&)’:
WebPage.cpp:148:3: error: ‘QFileInfo’ was not declared in this scope
WebPage.cpp:148:13: error: expected ‘;’ before ‘fileInfo’
WebPage.cpp:149:3: error: ‘QDir’ was not declared in this scope
WebPage.cpp:149:8: error: expected ‘;’ before ‘dir’
WebPage.cpp:150:3: error: ‘dir’ was not declared in this scope
WebPage.cpp:150:14: error: ‘fileInfo’ was not declared in this scope
make[1]: *** [WebPage.o] Error 1
make[1]: Leaving directory `/usr/local/lib/ruby/gems/1.9.1/gems/capybara-webkit-0.12.1/src'
make: *** [sub-src-webkit_server-pro-make_default-ordered] Error 2
